<?xml version="1.0" encoding="UTF-8"?>
<testng-results skipped="1" failed="1" ignored="0" total="10" passed="8">
  <reporter-output>
  </reporter-output>
  <suite name="Mail" duration-ms="105" started-at="2020-05-31T13:26:29Z" finished-at="2020-05-31T13:26:29Z">
    <groups>
    </groups>
    <test name="Test Mail" duration-ms="105" started-at="2020-05-31T13:26:29Z" finished-at="2020-05-31T13:26:29Z">
      <class name="TestNG.Yahoo">
        <test-method status="PASS" signature="launchBrowser()[pri:0, instance:TestNG.Yahoo@33cb5951]" name="launchBrowser" duration-ms="1" started-at="2020-05-31T13:26:29Z" finished-at="2020-05-31T13:26:29Z">
          <reporter-output>
          </reporter-output>
        </test-method> <!-- launchBrowser -->
        <test-method status="PASS" signature="loadYahoo()[pri:1, instance:TestNG.Yahoo@33cb5951]" name="loadYahoo" duration-ms="2" started-at="2020-05-31T13:26:29Z" finished-at="2020-05-31T13:26:29Z">
          <reporter-output>
          </reporter-output>
        </test-method> <!-- loadYahoo -->
        <test-method status="PASS" signature="composeMail()[pri:2, instance:TestNG.Yahoo@33cb5951]" name="composeMail" duration-ms="2" started-at="2020-05-31T13:26:29Z" finished-at="2020-05-31T13:26:29Z">
          <reporter-output>
          </reporter-output>
        </test-method> <!-- composeMail -->
        <test-method status="PASS" signature="Logout()[pri:3, instance:TestNG.Yahoo@33cb5951]" name="Logout" duration-ms="2" started-at="2020-05-31T13:26:29Z" finished-at="2020-05-31T13:26:29Z">
          <reporter-output>
          </reporter-output>
        </test-method> <!-- Logout -->
      </class> <!-- TestNG.Yahoo -->
      <class name="TestNG.Gmail">
        <test-method status="PASS" signature="beforesuite()[pri:0, instance:TestNG.Gmail@32a068d1]" name="beforesuite" is-config="true" duration-ms="4894" started-at="2020-05-31T13:26:24Z" finished-at="2020-05-31T13:26:29Z">
          <reporter-output>
          </reporter-output>
        </test-method> <!-- beforesuite -->
        <test-method status="PASS" signature="launchBrowser(java.lang.String)[pri:0, instance:TestNG.Gmail@32a068d1]" name="launchBrowser" duration-ms="8" started-at="2020-05-31T13:26:29Z" finished-at="2020-05-31T13:26:29Z">
          <params>
            <param index="0">
              <value>
                <![CDATA[chrome]]>
              </value>
            </param>
          </params>
          <reporter-output>
          </reporter-output>
        </test-method> <!-- launchBrowser -->
        <test-method status="PASS" signature="loadGmail()[pri:1, instance:TestNG.Gmail@32a068d1]" name="loadGmail" duration-ms="4" started-at="2020-05-31T13:26:29Z" finished-at="2020-05-31T13:26:29Z">
          <reporter-output>
          </reporter-output>
        </test-method> <!-- loadGmail -->
        <test-method status="PASS" signature="composeMail()[pri:2, instance:TestNG.Gmail@32a068d1]" name="composeMail" duration-ms="4" started-at="2020-05-31T13:26:29Z" depends-on-methods="TestNG.Gmail.loadGmail" finished-at="2020-05-31T13:26:29Z">
          <reporter-output>
          </reporter-output>
        </test-method> <!-- composeMail -->
        <test-method status="PASS" signature="Logout()[pri:3, instance:TestNG.Gmail@32a068d1]" name="Logout" duration-ms="1" started-at="2020-05-31T13:26:29Z" depends-on-methods="TestNG.Gmail.loadGmail" finished-at="2020-05-31T13:26:29Z">
          <reporter-output>
          </reporter-output>
        </test-method> <!-- Logout -->
        <test-method status="FAIL" signature="closeDB()[pri:4, instance:TestNG.Gmail@32a068d1]" name="closeDB" duration-ms="3" started-at="2020-05-31T13:26:29Z" finished-at="2020-05-31T13:26:29Z">
          <exception class="java.lang.AssertionError">
            <message>
              <![CDATA[expected [A] but found [E]]]>
            </message>
            <full-stacktrace>
              <![CDATA[java.lang.AssertionError: expected [A] but found [E]
at org.testng.Assert.fail(Assert.java:96)
at org.testng.Assert.failNotEquals(Assert.java:776)
at org.testng.Assert.assertEqualsImpl(Assert.java:137)
at org.testng.Assert.assertEquals(Assert.java:118)
at org.testng.Assert.assertEquals(Assert.java:453)
at org.testng.Assert.assertEquals(Assert.java:463)
at TestNG.Gmail.closeDB(Gmail.java:73)
at sun.reflect.NativeMethodAccessorImpl.invoke0(Native Method)
at sun.reflect.NativeMethodAccessorImpl.invoke(NativeMethodAccessorImpl.java:62)
at sun.reflect.DelegatingMethodAccessorImpl.invoke(DelegatingMethodAccessorImpl.java:43)
at java.lang.reflect.Method.invoke(Method.java:498)
at org.testng.internal.MethodInvocationHelper.invokeMethod(MethodInvocationHelper.java:124)
at org.testng.internal.Invoker.invokeMethod(Invoker.java:583)
at org.testng.internal.Invoker.invokeTestMethod(Invoker.java:719)
at org.testng.internal.Invoker.invokeTestMethods(Invoker.java:989)
at org.testng.internal.TestMethodWorker.invokeTestMethods(TestMethodWorker.java:125)
at org.testng.internal.TestMethodWorker.run(TestMethodWorker.java:109)
at org.testng.TestRunner.privateRun(TestRunner.java:648)
at org.testng.TestRunner.run(TestRunner.java:505)
at org.testng.SuiteRunner.runTest(SuiteRunner.java:455)
at org.testng.SuiteRunner.access$000(SuiteRunner.java:40)
at org.testng.SuiteRunner$SuiteWorker.run(SuiteRunner.java:489)
at org.testng.internal.thread.ThreadUtil$1.call(ThreadUtil.java:52)
at java.util.concurrent.FutureTask.run(FutureTask.java:266)
at java.util.concurrent.ThreadPoolExecutor.runWorker(ThreadPoolExecutor.java:1149)
at java.util.concurrent.ThreadPoolExecutor$Worker.run(ThreadPoolExecutor.java:624)
at java.lang.Thread.run(Thread.java:748)
]]>
            </full-stacktrace>
          </exception> <!-- java.lang.AssertionError -->
          <reporter-output>
          </reporter-output>
        </test-method> <!-- closeDB -->
        <test-method status="SKIP" signature="skipTestcase()[pri:5, instance:TestNG.Gmail@32a068d1]" name="skipTestcase" duration-ms="3" started-at="2020-05-31T13:26:29Z" finished-at="2020-05-31T13:26:29Z">
          <exception class="org.testng.SkipException">
            <message>
              <![CDATA[Skiping the Test Case]]>
            </message>
            <full-stacktrace>
              <![CDATA[org.testng.SkipException: Skiping the Test Case
at TestNG.Gmail.skipTestcase(Gmail.java:81)
at sun.reflect.NativeMethodAccessorImpl.invoke0(Native Method)
at sun.reflect.NativeMethodAccessorImpl.invoke(NativeMethodAccessorImpl.java:62)
at sun.reflect.DelegatingMethodAccessorImpl.invoke(DelegatingMethodAccessorImpl.java:43)
at java.lang.reflect.Method.invoke(Method.java:498)
at org.testng.internal.MethodInvocationHelper.invokeMethod(MethodInvocationHelper.java:124)
at org.testng.internal.Invoker.invokeMethod(Invoker.java:583)
at org.testng.internal.Invoker.invokeTestMethod(Invoker.java:719)
at org.testng.internal.Invoker.invokeTestMethods(Invoker.java:989)
at org.testng.internal.TestMethodWorker.invokeTestMethods(TestMethodWorker.java:125)
at org.testng.internal.TestMethodWorker.run(TestMethodWorker.java:109)
at org.testng.TestRunner.privateRun(TestRunner.java:648)
at org.testng.TestRunner.run(TestRunner.java:505)
at org.testng.SuiteRunner.runTest(SuiteRunner.java:455)
at org.testng.SuiteRunner.access$000(SuiteRunner.java:40)
at org.testng.SuiteRunner$SuiteWorker.run(SuiteRunner.java:489)
at org.testng.internal.thread.ThreadUtil$1.call(ThreadUtil.java:52)
at java.util.concurrent.FutureTask.run(FutureTask.java:266)
at java.util.concurrent.ThreadPoolExecutor.runWorker(ThreadPoolExecutor.java:1149)
at java.util.concurrent.ThreadPoolExecutor$Worker.run(ThreadPoolExecutor.java:624)
at java.lang.Thread.run(Thread.java:748)
]]>
            </full-stacktrace>
          </exception> <!-- org.testng.SkipException -->
          <reporter-output>
          </reporter-output>
        </test-method> <!-- skipTestcase -->
        <test-method status="PASS" signature="afterSuite()[pri:0, instance:TestNG.Gmail@32a068d1]" name="afterSuite" is-config="true" duration-ms="236" started-at="2020-05-31T13:26:30Z" finished-at="2020-05-31T13:26:30Z">
          <reporter-output>
          </reporter-output>
        </test-method> <!-- afterSuite -->
      </class> <!-- TestNG.Gmail -->
    </test> <!-- Test Mail -->
  </suite> <!-- Mail -->
</testng-results>
